<?xml version="1.0" encoding="utf-8"?>
<!DOCTYPE coverage SYSTEM "http://cobertura.sourceforge.net/xml/coverage-04.dtd">
<coverage line-rate="0.00554016620498615" branch-rate="1" lines-covered="28" lines-valid="5054" branches-covered="0" branches-valid="0" complexity="NaN" version="0" timestamp="1784818245">
  <sources />
  <packages>
    <package name="WingetStore.dll" line-rate="0.00554016620498615" branch-rate="1" complexity="NaN">
      <classes>
        <class name="Microsoft.Windows.ApplicationModel.WindowsAppRuntime.Common.AutoInitialize" filename="C:\Users\Jacob\.nuget\packages\microsoft.windowsappsdk.foundation\2.3.5\include\WindowsAppRuntimeAutoInitializer.cs" line-rate="1" branch-rate="1" complexity="NaN">
          <methods>
            <method name="InitializeWindowsAppSDK" signature="()" line-rate="1" branch-rate="1">
              <lines>
                <line number="16" hits="1" branch="false" />
                <line number="25" hits="1" branch="false" />
                <line number="32" hits="1" branch="false" />
              </lines>
            </method>
          </methods>
          <lines>
            <line number="16" hits="1" branch="false" />
            <line number="25" hits="1" branch="false" />
            <line number="32" hits="1" branch="false" />
          </lines>
        </class>
        <class name="Microsoft.Windows.Foundation.UndockedRegFreeWinRTCS.AutoInitialize" filename="C:\Users\Jacob\.nuget\packages\microsoft.windowsappsdk.foundation\2.3.5\include\UndockedRegFreeWinRT-AutoInitializer.cs" line-rate="1" branch-rate="1" complexity="NaN">
          <methods>
            <method name="AccessWindowsAppSDK" signature="()" line-rate="1" branch-rate="1">
              <lines>
                <line number="25" hits="1" branch="false" />
                <line number="27" hits="1" branch="false" />
                <line number="33" hits="1" branch="false" />
                <line number="34" hits="1" branch="false" />
              </lines>
            </method>
          </methods>
          <lines>
            <line number="25" hits="1" branch="false" />
            <line number="27" hits="1" branch="false" />
            <line number="33" hits="1" branch="false" />
            <line number="34" hits="1" branch="false" />
          </lines>
        </class>
        <class name="System.Text.RegularExpressions.Generated.F5EA7A93408F4CDCB76FF705E96682687F9F1A875B14CB54BE851C69C02932C9F__HasPercentRegex_3" filename="C:\Users\Jacob\.gemini\antigravity\scratch\WingetStore\obj\Debug\net10.0-windows10.0.26100.0\win-x64\System.Text.RegularExpressions.Generator\System.Text.RegularExpressions.Generator.RegexGenerator\RegexGenerator.g.cs" line-rate="0" branch-rate="1" complexity="NaN">
          <methods>
            <method name="RegexGenerator_g" signature="()" line-rate="0" branch-rate="1">
              <lines>
                <line number="1781" hits="0" branch="false" />
              </lines>
            </method>
            <method name="RegexGenerator_g" signature="()" line-rate="0" branch-rate="1">
              <lines>
                <line number="1789" hits="0" branch="false" />
                <line number="1791" hits="0" branch="false" />
                <line number="1792" hits="0" branch="false" />
                <line number="1793" hits="0" branch="false" />
                <line number="1794" hits="0" branch="false" />
                <line number="1795" hits="0" branch="false" />
                <line number="1796" hits="0" branch="false" />
                <line number="1797" hits="0" branch="false" />
                <line number="1798" hits="0" branch="false" />
                <line number="1799" hits="0" branch="false" />
                <line number="1800" hits="0" branch="false" />
                <line number="1801" hits="0" branch="false" />
              </lines>
            </method>
            <method name="RegexGenerator_g" signature="()" line-rate="0" branch-rate="1">
              <lines>
                <line number="1807" hits="0" branch="false" />
                <line number="1808" hits="0" branch="false" />
                <line number="1811" hits="0" branch="false" />
                <line number="1812" hits="0" branch="false" />
                <line number="1815" hits="0" branch="false" />
                <line number="1816" hits="0" branch="false" />
                <line number="1817" hits="0" branch="false" />
                <line number="1819" hits="0" branch="false" />
                <line number="1820" hits="0" branch="false" />
                <line number="1821" hits="0" branch="false" />
                <line number="1822" hits="0" branch="false" />
                <line number="1825" hits="0" branch="false" />
                <line number="1826" hits="0" branch="false" />
                <line number="1827" hits="0" branch="false" />
                <line number="1828" hits="0" branch="false" />
                <line number="1829" hits="0" branch="false" />
                <line number="1831" hits="0" branch="false" />
                <line number="1832" hits="0" branch="false" />
                <line number="1833" hits="0" branch="false" />
                <line number="1834" hits="0" branch="false" />
                <line number="1837" hits="0" branch="false" />
                <line number="1838" hits="0" branch="false" />
                <line number="1839" hits="0" branch="false" />
                <line number="1841" hits="0" branch="false" />
                <line number="1844" hits="0" branch="false" />
                <line number="1845" hits="0" branch="false" />
                <line number="1846" hits="0" branch="false" />
              </lines>
            </method>
            <method name="RegexGenerator_g" signature="()" line-rate="0" branch-rate="1">
              <lines>
                <line number="1852" hits="0" branch="false" />
                <line number="1853" hits="0" branch="false" />
                <line number="1854" hits="0" branch="false" />
                <line number="1855" hits="0" branch="false" />
                <line number="1858" hits="0" branch="false" />
                <line number="1859" hits="0" branch="false" />
                <line number="1862" hits="0" branch="false" />
                <line number="1863" hits="0" branch="false" />
                <line number="1864" hits="0" branch="false" />
                <line number="1865" hits="0" branch="false" />
                <line number="1868" hits="0" branch="false" />
                <line number="1869" hits="0" branch="false" />
                <line number="1870" hits="0" branch="false" />
                <line number="1874" hits="0" branch="false" />
                <line number="1875" hits="0" branch="false" />
                <line number="1876" hits="0" branch="false" />
                <line number="1877" hits="0" branch="false" />
                <line number="1878" hits="0" branch="false" />
              </lines>
            </method>
          </methods>
          <lines>
            <line number="1764" hits="0" branch="false" />
            <line number="1767" hits="0" branch="false" />
            <line number="1768" hits="0" branch="false" />
            <line number="1769" hits="0" branch="false" />
            <line number="1770" hits="0" branch="false" />
            <line number="1771" hits="0" branch="false" />
            <line number="1772" hits="0" branch="false" />
            <line number="1773" hits="0" branch="false" />
            <line number="1774" hits="0" branch="false" />
            <line number="1775" hits="0" branch="false" />
            <line number="1781" hits="0" branch="false" />
            <line number="1789" hits="0" branch="false" />
            <line number="1791" hits="0" branch="false" />
            <line number="1792" hits="0" branch="false" />
            <line number="1793" hits="0" branch="false" />
            <line number="1794" hits="0" branch="false" />
            <line number="1795" hits="0" branch="false" />
            <line number="1796" hits="0" branch="false" />
            <line number="1797" hits="0" branch="false" />
            <line number="1798" hits="0" branch="false" />
            <line number="1799" hits="0" branch="false" />
            <line number="1800" hits="0" branch="false" />
            <line number="1801" hits="0" branch="false" />
            <line number="1807" hits="0" branch="false" />
            <line number="1808" hits="0" branch="false" />
            <line number="1811" hits="0" branch="false" />
            <line number="1812" hits="0" branch="false" />
            <line number="1815" hits="0" branch="false" />
            <line number="1816" hits="0" branch="false" />
            <line number="1817" hits="0" branch="false" />
            <line number="1819" hits="0" branch="false" />
            <line number="1820" hits="0" branch="false" />
            <line number="1821" hits="0" branch="false" />
            <line number="1822" hits="0" branch="false" />
            <line number="1825" hits="0" branch="false" />
            <line number="1826" hits="0" branch="false" />
            <line number="1827" hits="0" branch="false" />
            <line number="1828" hits="0" branch="false" />
            <line number="1829" hits="0" branch="false" />
            <line number="1831" hits="0" branch="false" />
            <line number="1832" hits="0" branch="false" />
            <line number="1833" hits="0" branch="false" />
            <line number="1834" hits="0" branch="false" />
            <line number="1837" hits="0" branch="false" />
            <line number="1838" hits="0" branch="false" />
            <line number="1839" hits="0" branch="false" />
            <line number="1841" hits="0" branch="false" />
            <line number="1844" hits="0" branch="false" />
            <line number="1845" hits="0" branch="false" />
            <line number="1846" hits="0" branch="false" />
            <line number="1852" hits="0" branch="false" />
            <line number="1853" hits="0" branch="false" />
            <line number="1854" hits="0" branch="false" />
            <line number="1855" hits="0" branch="false" />
            <line number="1858" hits="0" branch="false" />
            <line number="1859" hits="0" branch="false" />
            <line number="1862" hits="0" branch="false" />
            <line number="1863" hits="0" branch="false" />
            <line number="1864" hits="0" branch="false" />
            <line number="1865" hits="0" branch="false" />
            <line number="1868" hits="0" branch="false" />
            <line number="1869" hits="0" branch="false" />
            <line number="1870" hits="0" branch="false" />
            <line number="1874" hits="0" branch="false" />
            <line number="1875" hits="0" branch="false" />
            <line number="1876" hits="0" branch="false" />
            <line number="1877" hits="0" branch="false" />
            <line number="1878" hits="0" branch="false" />
          </lines>
        </class>
        <class name="System.Text.RegularExpressions.Generated.F5EA7A93408F4CDCB76FF705E96682687F9F1A875B14CB54BE851C69C02932C9F__HeaderRegex_1" filename="C:\Users\Jacob\.gemini\antigravity\scratch\WingetStore\obj\Debug\net10.0-windows10.0.26100.0\win-x64\System.Text.RegularExpressions.Generator\System.Text.RegularExpressions.Generator.RegexGenerator\RegexGenerator.g.cs" line-rate="0" branch-rate="1" complexity="NaN">
          <methods>
            <method name="RegexGenerator_g" signature="()" line-rate="0" branch-rate="1">
              <lines>
                <line number="1260" hits="0" branch="false" />
              </lines>
            </method>
            <method name="RegexGenerator_g" signature="()" line-rate="0" branch-rate="1">
              <lines>
                <line number="1268" hits="0" branch="false" />
                <line number="1270" hits="0" branch="false" />
                <line number="1271" hits="0" branch="false" />
                <line number="1272" hits="0" branch="false" />
                <line number="1273" hits="0" branch="false" />
                <line number="1274" hits="0" branch="false" />
              </lines>
            </method>
            <method name="RegexGenerator_g" signature="()" line-rate="0" branch-rate="1">
              <lines>
                <line number="1280" hits="0" branch="false" />
                <line number="1281" hits="0" branch="false" />
                <line number="1284" hits="0" branch="false" />
                <line number="1285" hits="0" branch="false" />
                <line number="1287" hits="0" branch="false" />
                <line number="1288" hits="0" branch="false" />
                <line number="1289" hits="0" branch="false" />
                <line number="1291" hits="0" branch="false" />
                <line number="1294" hits="0" branch="false" />
                <line number="1295" hits="0" branch="false" />
                <line number="1296" hits="0" branch="false" />
              </lines>
            </method>
            <method name="RegexGenerator_g" signature="()" line-rate="0" branch-rate="1">
              <lines>
                <line number="1302" hits="0" branch="false" />
                <line number="1303" hits="0" branch="false" />
                <line number="1304" hits="0" branch="false" />
                <line number="1305" hits="0" branch="false" />
                <line number="1306" hits="0" branch="false" />
                <line number="1307" hits="0" branch="false" />
                <line number="1308" hits="0" branch="false" />
                <line number="1309" hits="0" branch="false" />
                <line number="1310" hits="0" branch="false" />
                <line number="1311" hits="0" branch="false" />
                <line number="1312" hits="0" branch="false" />
                <line number="1313" hits="0" branch="false" />
                <line number="1314" hits="0" branch="false" />
                <line number="1315" hits="0" branch="false" />
                <line number="1318" hits="0" branch="false" />
                <line number="1319" hits="0" branch="false" />
                <line number="1320" hits="0" branch="false" />
                <line number="1321" hits="0" branch="false" />
                <line number="1325" hits="0" branch="false" />
                <line number="1326" hits="0" branch="false" />
                <line number="1327" hits="0" branch="false" />
                <line number="1328" hits="0" branch="false" />
                <line number="1333" hits="0" branch="false" />
                <line number="1334" hits="0" branch="false" />
                <line number="1335" hits="0" branch="false" />
                <line number="1337" hits="0" branch="false" />
                <line number="1338" hits="0" branch="false" />
                <line number="1339" hits="0" branch="false" />
                <line number="1340" hits="0" branch="false" />
                <line number="1341" hits="0" branch="false" />
                <line number="1343" hits="0" branch="false" />
                <line number="1344" hits="0" branch="false" />
                <line number="1345" hits="0" branch="false" />
                <line number="1346" hits="0" branch="false" />
                <line number="1349" hits="0" branch="false" />
                <line number="1350" hits="0" branch="false" />
                <line number="1352" hits="0" branch="false" />
                <line number="1353" hits="0" branch="false" />
                <line number="1354" hits="0" branch="false" />
                <line number="1356" hits="0" branch="false" />
                <line number="1357" hits="0" branch="false" />
                <line number="1359" hits="0" branch="false" />
                <line number="1360" hits="0" branch="false" />
                <line number="1361" hits="0" branch="false" />
                <line number="1362" hits="0" branch="false" />
                <line number="1364" hits="0" branch="false" />
                <line number="1365" hits="0" branch="false" />
                <line number="1366" hits="0" branch="false" />
                <line number="1367" hits="0" branch="false" />
                <line number="1369" hits="0" branch="false" />
                <line number="1370" hits="0" branch="false" />
                <line number="1372" hits="0" branch="false" />
                <line number="1373" hits="0" branch="false" />
                <line number="1378" hits="0" branch="false" />
                <line number="1380" hits="0" branch="false" />
                <line number="1381" hits="0" branch="false" />
                <line number="1383" hits="0" branch="false" />
                <line number="1386" hits="0" branch="false" />
                <line number="1387" hits="0" branch="false" />
                <line number="1388" hits="0" branch="false" />
                <line number="1392" hits="0" branch="false" />
                <line number="1393" hits="0" branch="false" />
                <line number="1394" hits="0" branch="false" />
                <line number="1395" hits="0" branch="false" />
                <line number="1396" hits="0" branch="false" />
                <line number="1397" hits="0" branch="false" />
                <line number="1398" hits="0" branch="false" />
                <line number="1399" hits="0" branch="false" />
                <line number="1401" hits="0" branch="false" />
                <line number="1402" hits="0" branch="false" />
                <line number="1403" hits="0" branch="false" />
                <line number="1406" hits="0" branch="false" />
                <line number="1407" hits="0" branch="false" />
                <line number="1408" hits="0" branch="false" />
                <line number="1412" hits="0" branch="false" />
                <line number="1413" hits="0" branch="false" />
                <line number="1414" hits="0" branch="false" />
                <line number="1416" hits="0" branch="false" />
                <line number="1419" hits="0" branch="false" />
                <line number="1420" hits="0" branch="false" />
                <line number="1421" hits="0" branch="false" />
                <line number="1423" hits="0" branch="false" />
                <line number="1425" hits="0" branch="false" />
                <line number="1426" hits="0" branch="false" />
                <line number="1427" hits="0" branch="false" />
                <line number="1428" hits="0" branch="false" />
                <line number="1432" hits="0" branch="false" />
                <line number="1433" hits="0" branch="false" />
                <line number="1434" hits="0" branch="false" />
                <line number="1439" hits="0" branch="false" />
                <line number="1440" hits="0" branch="false" />
                <line number="1441" hits="0" branch="false" />
                <line number="1443" hits="0" branch="false" />
                <line number="1444" hits="0" branch="false" />
                <line number="1445" hits="0" branch="false" />
                <line number="1446" hits="0" branch="false" />
                <line number="1447" hits="0" branch="false" />
                <line number="1449" hits="0" branch="false" />
                <line number="1450" hits="0" branch="false" />
                <line number="1451" hits="0" branch="false" />
                <line number="1454" hits="0" branch="false" />
                <line number="1455" hits="0" branch="false" />
                <line number="1457" hits="0" branch="false" />
                <line number="1458" hits="0" branch="false" />
                <line number="1459" hits="0" branch="false" />
                <line number="1461" hits="0" branch="false" />
                <line number="1462" hits="0" branch="false" />
                <line number="1464" hits="0" branch="false" />
                <line number="1465" hits="0" branch="false" />
                <line number="1466" hits="0" branch="false" />
                <line number="1467" hits="0" branch="false" />
                <line number="1469" hits="0" branch="false" />
                <line number="1470" hits="0" branch="false" />
                <line number="1471" hits="0" branch="false" />
                <line number="1472" hits="0" branch="false" />
                <line number="1474" hits="0" branch="false" />
                <line number="1475" hits="0" branch="false" />
                <line number="1476" hits="0" branch="false" />
                <line number="1478" hits="0" branch="false" />
                <line number="1479" hits="0" branch="false" />
                <line number="1484" hits="0" branch="false" />
                <line number="1488" hits="0" branch="false" />
                <line number="1490" hits="0" branch="false" />
                <line number="1491" hits="0" branch="false" />
                <line number="1492" hits="0" branch="false" />
                <line number="1493" hits="0" branch="false" />
                <line number="1494" hits="0" branch="false" />
                <line number="1496" hits="0" branch="false" />
                <line number="1497" hits="0" branch="false" />
                <line number="1498" hits="0" branch="false" />
                <line number="1501" hits="0" branch="false" />
                <line number="1502" hits="0" branch="false" />
                <line number="1504" hits="0" branch="false" />
                <line number="1505" hits="0" branch="false" />
                <line number="1506" hits="0" branch="false" />
                <line number="1508" hits="0" branch="false" />
                <line number="1509" hits="0" branch="false" />
                <line number="1511" hits="0" branch="false" />
                <line number="1512" hits="0" branch="false" />
                <line number="1513" hits="0" branch="false" />
                <line number="1514" hits="0" branch="false" />
                <line number="1516" hits="0" branch="false" />
                <line number="1517" hits="0" branch="false" />
                <line number="1518" hits="0" branch="false" />
                <line number="1520" hits="0" branch="false" />
                <line number="1521" hits="0" branch="false" />
                <line number="1523" hits="0" branch="false" />
                <line number="1524" hits="0" branch="false" />
                <line number="1527" hits="0" branch="false" />
                <line number="1529" hits="0" branch="false" />
                <line number="1531" hits="0" branch="false" />
                <line number="1532" hits="0" branch="false" />
                <line number="1534" hits="0" branch="false" />
                <line number="1538" hits="0" branch="false" />
                <line number="1539" hits="0" branch="false" />
                <line number="1540" hits="0" branch="false" />
                <line number="1541" hits="0" branch="false" />
                <line number="1542" hits="0" branch="false" />
                <line number="1543" hits="0" branch="false" />
                <line number="1545" hits="0" branch="false" />
                <line number="1546" hits="0" branch="false" />
                <line number="1547" hits="0" branch="false" />
                <line number="1550" hits="0" branch="false" />
                <line number="1551" hits="0" branch="false" />
                <line number="1552" hits="0" branch="false" />
                <line number="1555" hits="0" branch="false" />
                <line number="1556" hits="0" branch="false" />
                <line number="1557" hits="0" branch="false" />
                <line number="1561" hits="0" branch="false" />
                <line number="1562" hits="0" branch="false" />
                <line number="1563" hits="0" branch="false" />
                <line number="1564" hits="0" branch="false" />
                <line number="1567" hits="0" branch="false" />
                <line number="1568" hits="0" branch="false" />
                <line number="1569" hits="0" branch="false" />
                <line number="1570" hits="0" branch="false" />
                <line number="1571" hits="0" branch="false" />
                <line number="1572" hits="0" branch="false" />
                <line number="1574" hits="0" branch="false" />
                <line number="1575" hits="0" branch="false" />
                <line number="1576" hits="0" branch="false" />
                <line number="1579" hits="0" branch="false" />
                <line number="1580" hits="0" branch="false" />
                <line number="1581" hits="0" branch="false" />
                <line number="1583" hits="0" branch="false" />
                <line number="1584" hits="0" branch="false" />
                <line number="1587" hits="0" branch="false" />
                <line number="1588" hits="0" branch="false" />
                <line number="1589" hits="0" branch="false" />
                <line number="1593" hits="0" branch="false" />
                <line number="1594" hits="0" branch="false" />
                <line number="1595" hits="0" branch="false" />
                <line number="1599" hits="0" branch="false" />
                <line number="1600" hits="0" branch="false" />
                <line number="1601" hits="0" branch="false" />
                <line number="1602" hits="0" branch="false" />
                <line number="1607" hits="0" branch="false" />
                <line number="1608" hits="0" branch="false" />
                <line number="1609" hits="0" branch="false" />
                <line number="1610" hits="0" branch="false" />
                <line number="1611" hits="0" branch="false" />
                <line number="1612" hits="0" branch="false" />
                <line number="1613" hits="0" branch="false" />
              </lines>
            </method>
          </methods>
          <lines>
            <line number="1243" hits="0" branch="false" />
            <line number="1246" hits="0" branch="false" />
            <line number="1247" hits="0" branch="false" />
            <line number="1248" hits="0" branch="false" />
            <line number="1249" hits="0" branch="false" />
            <line number="1250" hits="0" branch="false" />
            <line number="1251" hits="0" branch="false" />
            <line number="1252" hits="0" branch="false" />
            <line number="1253" hits="0" branch="false" />
            <line number="1254" hits="0" branch="false" />
            <line number="1260" hits="0" branch="false" />
            <line number="1268" hits="0" branch="false" />
            <line number="1270" hits="0" branch="false" />
            <line number="1271" hits="0" branch="false" />
            <line number="1272" hits="0" branch="false" />
            <line number="1273" hits="0" branch="false" />
            <line number="1274" hits="0" branch="false" />
            <line number="1280" hits="0" branch="false" />
            <line number="1281" hits="0" branch="false" />
            <line number="1284" hits="0" branch="false" />
            <line number="1285" hits="0" branch="false" />
            <line number="1287" hits="0" branch="false" />
            <line number="1288" hits="0" branch="false" />
            <line number="1289" hits="0" branch="false" />
            <line number="1291" hits="0" branch="false" />
            <line number="1294" hits="0" branch="false" />
            <line number="1295" hits="0" branch="false" />
            <line number="1296" hits="0" branch="false" />
            <line number="1302" hits="0" branch="false" />
            <line number="1303" hits="0" branch="false" />
            <line number="1304" hits="0" branch="false" />
            <line number="1305" hits="0" branch="false" />
            <line number="1306" hits="0" branch="false" />
            <line number="1307" hits="0" branch="false" />
            <line number="1308" hits="0" branch="false" />
            <line number="1309" hits="0" branch="false" />
            <line number="1310" hits="0" branch="false" />
            <line number="1311" hits="0" branch="false" />
            <line number="1312" hits="0" branch="false" />
            <line number="1313" hits="0" branch="false" />
            <line number="1314" hits="0" branch="false" />
            <line number="1315" hits="0" branch="false" />
            <line number="1318" hits="0" branch="false" />
            <line number="1319" hits="0" branch="false" />
            <line number="1320" hits="0" branch="false" />
            <line number="1321" hits="0" branch="false" />
            <line number="1325" hits="0" branch="false" />
            <line number="1326" hits="0" branch="false" />
            <line number="1327" hits="0" branch="false" />
            <line number="1328" hits="0" branch="false" />
            <line number="1333" hits="0" branch="false" />
            <line number="1334" hits="0" branch="false" />
            <line number="1335" hits="0" branch="false" />
            <line number="1337" hits="0" branch="false" />
            <line number="1338" hits="0" branch="false" />
            <line number="1339" hits="0" branch="false" />
            <line number="1340" hits="0" branch="false" />
            <line number="1341" hits="0" branch="false" />
            <line number="1343" hits="0" branch="false" />
            <line number="1344" hits="0" branch="false" />
            <line number="1345" hits="0" branch="false" />
            <line number="1346" hits="0" branch="false" />
            <line number="1349" hits="0" branch="false" />
            <line number="1350" hits="0" branch="false" />
            <line number="1352" hits="0" branch="false" />
            <line number="1353" hits="0" branch="false" />
            <line number="1354" hits="0" branch="false" />
            <line number="1356" hits="0" branch="false" />
            <line number="1357" hits="0" branch="false" />
            <line number="1359" hits="0" branch="false" />
            <line number="1360" hits="0" branch="false" />
            <line number="1361" hits="0" branch="false" />
            <line number="1362" hits="0" branch="false" />
            <line number="1364" hits="0" branch="false" />
            <line number="1365" hits="0" branch="false" />
            <line number="1366" hits="0" branch="false" />
            <line number="1367" hits="0" branch="false" />
            <line number="1369" hits="0" branch="false" />
            <line number="1370" hits="0" branch="false" />
            <line number="1372" hits="0" branch="false" />
            <line number="1373" hits="0" branch="false" />
            <line number="1378" hits="0" branch="false" />
            <line number="1380" hits="0" branch="false" />
            <line number="1381" hits="0" branch="false" />
            <line number="1383" hits="0" branch="false" />
            <line number="1386" hits="0" branch="false" />
            <line number="1387" hits="0" branch="false" />
            <line number="1388" hits="0" branch="false" />
            <line number="1392" hits="0" branch="false" />
            <line number="1393" hits="0" branch="false" />
            <line number="1394" hits="0" branch="false" />
            <line number="1395" hits="0" branch="false" />
            <line number="1396" hits="0" branch="false" />
            <line number="1397" hits="0" branch="false" />
            <line number="1398" hits="0" branch="false" />
            <line number="1399" hits="0" branch="false" />
            <line number="1401" hits="0" branch="false" />
            <line number="1402" hits="0" branch="false" />
            <line number="1403" hits="0" branch="false" />
            <line number="1406" hits="0" branch="false" />
            <line number="1407" hits="0" branch="false" />
            <line number="1408" hits="0" branch="false" />
            <line number="1412" hits="0" branch="false" />
            <line number="1413" hits="0" branch="false" />
            <line number="1414" hits="0" branch="false" />
            <line number="1416" hits="0" branch="false" />
            <line number="1419" hits="0" branch="false" />
            <line number="1420" hits="0" branch="false" />
            <line number="1421" hits="0" branch="false" />
            <line number="1423" hits="0" branch="false" />
            <line number="1425" hits="0" branch="false" />
            <line number="1426" hits="0" branch="false" />
            <line number="1427" hits="0" branch="false" />
            <line number="1428" hits="0" branch="false" />
            <line number="1432" hits="0" branch="false" />
            <line number="1433" hits="0" branch="false" />
            <line number="1434" hits="0" branch="false" />
            <line number="1439" hits="0" branch="false" />
            <line number="1440" hits="0" branch="false" />
            <line number="1441" hits="0" branch="false" />
            <line number="1443" hits="0" branch="false" />
            <line number="1444" hits="0" branch="false" />
            <line number="1445" hits="0" branch="false" />
            <line number="1446" hits="0" branch="false" />
            <line number="1447" hits="0" branch="false" />
            <line number="1449" hits="0" branch="false" />
            <line number="1450" hits="0" branch="false" />
            <line number="1451" hits="0" branch="false" />
            <line number="1454" hits="0" branch="false" />
            <line number="1455" hits="0" branch="false" />
            <line number="1457" hits="0" branch="false" />
            <line number="1458" hits="0" branch="false" />
            <line number="1459" hits="0" branch="false" />
            <line number="1461" hits="0" branch="false" />
            <line number="1462" hits="0" branch="false" />
            <line number="1464" hits="0" branch="false" />
            <line number="1465" hits="0" branch="false" />
            <line number="1466" hits="0" branch="false" />
            <line number="1467" hits="0" branch="false" />
            <line number="1469" hits="0" branch="false" />
            <line number="1470" hits="0" branch="false" />
            <line number="1471" hits="0" branch="false" />
            <line number="1472" hits="0" branch="false" />
            <line number="1474" hits="0" branch="false" />
            <line number="1475" hits="0" branch="false" />
            <line number="1476" hits="0" branch="false" />
            <line number="1478" hits="0" branch="false" />
            <line number="1479" hits="0" branch="false" />
            <line number="1484" hits="0" branch="false" />
            <line number="1488" hits="0" branch="false" />
            <line number="1490" hits="0" branch="false" />
            <line number="1491" hits="0" branch="false" />
            <line number="1492" hits="0" branch="false" />
            <line number="1493" hits="0" branch="false" />
            <line number="1494" hits="0" branch="false" />
            <line number="1496" hits="0" branch="false" />
            <line number="1497" hits="0" branch="false" />
            <line number="1498" hits="0" branch="false" />
            <line number="1501" hits="0" branch="false" />
            <line number="1502" hits="0" branch="false" />
            <line number="1504" hits="0" branch="false" />
            <line number="1505" hits="0" branch="false" />
            <line number="1506" hits="0" branch="false" />
            <line number="1508" hits="0" branch="false" />
            <line number="1509" hits="0" branch="false" />
            <line number="1511" hits="0" branch="false" />
            <line number="1512" hits="0" branch="false" />
            <line number="1513" hits="0" branch="false" />
            <line number="1514" hits="0" branch="false" />
            <line number="1516" hits="0" branch="false" />
            <line number="1517" hits="0" branch="false" />
            <line number="1518" hits="0" branch="false" />
            <line number="1520" hits="0" branch="false" />
            <line number="1521" hits="0" branch="false" />
            <line number="1523" hits="0" branch="false" />
            <line number="1524" hits="0" branch="false" />
            <line number="1527" hits="0" branch="false" />
            <line number="1529" hits="0" branch="false" />
            <line number="1531" hits="0" branch="false" />
            <line number="1532" hits="0" branch="false" />
            <line number="1534" hits="0" branch="false" />
            <line number="1538" hits="0" branch="false" />
            <line number="1539" hits="0" branch="false" />
            <line number="1540" hits="0" branch="false" />
            <line number="1541" hits="0" branch="false" />
            <line number="1542" hits="0" branch="false" />
            <line number="1543" hits="0" branch="false" />
            <line number="1545" hits="0" branch="false" />
            <line number="1546" hits="0" branch="false" />
            <line number="1547" hits="0" branch="false" />
            <line number="1550" hits="0" branch="false" />
            <line number="1551" hits="0" branch="false" />
            <line number="1552" hits="0" branch="false" />
            <line number="1555" hits="0" branch="false" />
            <line number="1556" hits="0" branch="false" />
            <line number="1557" hits="0" branch="false" />
            <line number="1561" hits="0" branch="false" />
            <line number="1562" hits="0" branch="false" />
            <line number="1563" hits="0" branch="false" />
            <line number="1564" hits="0" branch="false" />
            <line number="1567" hits="0" branch="false" />
            <line number="1568" hits="0" branch="false" />
            <line number="1569" hits="0" branch="false" />
            <line number="1570" hits="0" branch="false" />
            <line number="1571" hits="0" branch="false" />
            <line number="1572" hits="0" branch="false" />
            <line number="1574" hits="0" branch="false" />
            <line number="1575" hits="0" branch="false" />
            <line number="1576" hits="0" branch="false" />
            <line number="1579" hits="0" branch="false" />
            <line number="1580" hits="0" branch="false" />
            <line number="1581" hits="0" branch="false" />
            <line number="1583" hits="0" branch="false" />
            <line number="1584" hits="0" branch="false" />
            <line number="1587" hits="0" branch="false" />
            <line number="1588" hits="0" branch="false" />
            <line number="1589" hits="0" branch="false" />
            <line number="1593" hits="0" branch="false" />
            <line number="1594" hits="0" branch="false" />
            <line number="1595" hits="0" branch="false" />
            <line number="1599" hits="0" branch="false" />
            <line number="1600" hits="0" branch="false" />
            <line number="1601" hits="0" branch="false" />
            <line number="1602" hits="0" branch="false" />
            <line number="1607" hits="0" branch="false" />
            <line number="1608" hits="0" branch="false" />
            <line number="1609" hits="0" branch="false" />
            <line number="1610" hits="0" branch="false" />
            <line number="1611" hits="0" branch="false" />
            <line number="1612" hits="0" branch="false" />
            <line number="1613" hits="0" branch="false" />
          </lines>
        </class>
        <class name="System.Text.RegularExpressions.Generated.F5EA7A93408F4CDCB76FF705E96682687F9F1A875B14CB54BE851C69C02932C9F__PercentRegex_2" filename="C:\Users\Jacob\.gemini\antigravity\scratch\WingetStore\obj\Debug\net10.0-windows10.0.26100.0\win-x64\System.Text.RegularExpressions.Generator\System.Text.RegularExpressions.Generator.RegexGenerator\RegexGenerator.g.cs" line-rate="0" branch-rate="1" complexity="NaN">
          <methods>
            <method name="RegexGenerator_g" signature="()" line-rate="0" branch-rate="1">
              <lines>
                <line number="1642" hits="0" branch="false" />
              </lines>
            </method>
            <method name="RegexGenerator_g" signature="()" line-rate="0" branch-rate="1">
              <lines>
                <line number="1650" hits="0" branch="false" />
                <line number="1652" hits="0" branch="false" />
                <line number="1653" hits="0" branch="false" />
                <line number="1654" hits="0" branch="false" />
                <line number="1655" hits="0" branch="false" />
                <line number="1656" hits="0" branch="false" />
                <line number="1657" hits="0" branch="false" />
                <line number="1658" hits="0" branch="false" />
                <line number="1659" hits="0" branch="false" />
                <line number="1660" hits="0" branch="false" />
                <line number="1661" hits="0" branch="false" />
                <line number="1662" hits="0" branch="false" />
              </lines>
            </method>
            <method name="RegexGenerator_g" signature="()" line-rate="0" branch-rate="1">
              <lines>
                <line number="1668" hits="0" branch="false" />
                <line number="1669" hits="0" branch="false" />
                <line number="1672" hits="0" branch="false" />
                <line number="1673" hits="0" branch="false" />
                <line number="1676" hits="0" branch="false" />
                <line number="1677" hits="0" branch="false" />
                <line number="1678" hits="0" branch="false" />
                <line number="1680" hits="0" branch="false" />
                <line number="1681" hits="0" branch="false" />
                <line number="1682" hits="0" branch="false" />
                <line number="1683" hits="0" branch="false" />
                <line number="1686" hits="0" branch="false" />
                <line number="1687" hits="0" branch="false" />
                <line number="1688" hits="0" branch="false" />
                <line number="1689" hits="0" branch="false" />
                <line number="1690" hits="0" branch="false" />
                <line number="1692" hits="0" branch="false" />
                <line number="1693" hits="0" branch="false" />
                <line number="1694" hits="0" branch="false" />
                <line number="1695" hits="0" branch="false" />
                <line number="1698" hits="0" branch="false" />
                <line number="1699" hits="0" branch="false" />
                <line number="1700" hits="0" branch="false" />
                <line number="1702" hits="0" branch="false" />
                <line number="1705" hits="0" branch="false" />
                <line number="1706" hits="0" branch="false" />
                <line number="1707" hits="0" branch="false" />
              </lines>
            </method>
            <method name="RegexGenerator_g" signature="()" line-rate="0" branch-rate="1">
              <lines>
                <line number="1713" hits="0" branch="false" />
                <line number="1714" hits="0" branch="false" />
                <line number="1715" hits="0" branch="false" />
                <line number="1716" hits="0" branch="false" />
                <line number="1717" hits="0" branch="false" />
                <line number="1720" hits="0" branch="false" />
                <line number="1721" hits="0" branch="false" />
                <line number="1724" hits="0" branch="false" />
                <line number="1725" hits="0" branch="false" />
                <line number="1727" hits="0" branch="false" />
                <line number="1728" hits="0" branch="false" />
                <line number="1731" hits="0" branch="false" />
                <line number="1732" hits="0" branch="false" />
                <line number="1733" hits="0" branch="false" />
                <line number="1734" hits="0" branch="false" />
                <line number="1738" hits="0" branch="false" />
                <line number="1739" hits="0" branch="false" />
                <line number="1740" hits="0" branch="false" />
                <line number="1741" hits="0" branch="false" />
                <line number="1746" hits="0" branch="false" />
                <line number="1747" hits="0" branch="false" />
                <line number="1748" hits="0" branch="false" />
                <line number="1749" hits="0" branch="false" />
                <line number="1750" hits="0" branch="false" />
                <line number="1751" hits="0" branch="false" />
                <line number="1752" hits="0" branch="false" />
              </lines>
            </method>
          </methods>
          <lines>
            <line number="1625" hits="0" branch="false" />
            <line number="1628" hits="0" branch="false" />
            <line number="1629" hits="0" branch="false" />
            <line number="1630" hits="0" branch="false" />
            <line number="1631" hits="0" branch="false" />
            <line number="1632" hits="0" branch="false" />
            <line number="1633" hits="0" branch="false" />
            <line number="1634" hits="0" branch="false" />
            <line number="1635" hits="0" branch="false" />
            <line number="1636" hits="0" branch="false" />
            <line number="1642" hits="0" branch="false" />
            <line number="1650" hits="0" branch="false" />
            <line number="1652" hits="0" branch="false" />
            <line number="1653" hits="0" branch="false" />
            <line number="1654" hits="0" branch="false" />
            <line number="1655" hits="0" branch="false" />
            <line number="1656" hits="0" branch="false" />
            <line number="1657" hits="0" branch="false" />
            <line number="1658" hits="0" branch="false" />
            <line number="1659" hits="0" branch="false" />
            <line number="1660" hits="0" branch="false" />
            <line number="1661" hits="0" branch="false" />
            <line number="1662" hits="0" branch="false" />
            <line number="1668" hits="0" branch="false" />
            <line number="1669" hits="0" branch="false" />
            <line number="1672" hits="0" branch="false" />
            <line number="1673" hits="0" branch="false" />
            <line number="1676" hits="0" branch="false" />
            <line number="1677" hits="0" branch="false" />
            <line number="1678" hits="0" branch="false" />
            <line number="1680" hits="0" branch="false" />
            <line number="1681" hits="0" branch="false" />
            <line number="1682" hits="0" branch="false" />
            <line number="1683" hits="0" branch="false" />
            <line number="1686" hits="0" branch="false" />
            <line number="1687" hits="0" branch="false" />
            <line number="1688" hits="0" branch="false" />
            <line number="1689" hits="0" branch="false" />
            <line number="1690" hits="0" branch="false" />
            <line number="1692" hits="0" branch="false" />
            <line number="1693" hits="0" branch="false" />
            <line number="1694" hits="0" branch="false" />
            <line number="1695" hits="0" branch="false" />
            <line number="1698" hits="0" branch="false" />
            <line number="1699" hits="0" branch="false" />
            <line number="1700" hits="0" branch="false" />
            <line number="1702" hits="0" branch="false" />
            <line number="1705" hits="0" branch="false" />
            <line number="1706" hits="0" branch="false" />
            <line number="1707" hits="0" branch="false" />
            <line number="1713" hits="0" branch="false" />
            <line number="1714" hits="0" branch="false" />
            <line number="1715" hits="0" branch="false" />
            <line number="1716" hits="0" branch="false" />
            <line number="1717" hits="0" branch="false" />
            <line number="1720" hits="0" branch="false" />
            <line number="1721" hits="0" branch="false" />
            <line number="1724" hits="0" branch="false" />
            <line number="1725" hits="0" branch="false" />
            <line number="1727" hits="0" branch="false" />
            <line number="1728" hits="0" branch="false" />
            <line number="1731" hits="0" branch="false" />
            <line number="1732" hits="0" branch="false" />
            <line number="1733" hits="0" branch="false" />
            <line number="1734" hits="0" branch="false" />
            <line number="1738" hits="0" branch="false" />
            <line number="1739" hits="0" branch="false" />
            <line number="1740" hits="0" branch="false" />
            <line number="1741" hits="0" branch="false" />
            <line number="1746" hits="0" branch="false" />
            <line number="1747" hits="0" branch="false" />
            <line number="1748" hits="0" branch="false" />
            <line number="1749" hits="0" branch="false" />
            <line number="1750" hits="0" branch="false" />
            <line number="1751" hits="0" branch="false" />
            <line number="1752" hits="0" branch="false" />
          </lines>
        </class>
        <class name="System.Text.RegularExpressions.Generated.F5EA7A93408F4CDCB76FF705E96682687F9F1A875B14CB54BE851C69C02932C9F__Utilities" filename="C:\Users\Jacob\.gemini\antigravity\scratch\WingetStore\obj\Debug\net10.0-windows10.0.26100.0\win-x64\System.Text.RegularExpressions.Generator\System.Text.RegularExpressions.Generator.RegexGenerator\RegexGenerator.g.cs" line-rate="0" branch-rate="1" complexity="NaN">
          <methods>
            <method name="RegexGenerator_g" signature="()" line-rate="0" branch-rate="1">
              <lines>
                <line number="1897" hits="0" branch="false" />
                <line number="1898" hits="0" branch="false" />
                <line number="1899" hits="0" branch="false" />
                <line number="1900" hits="0" branch="false" />
                <line number="1901" hits="0" branch="false" />
                <line number="1902" hits="0" branch="false" />
                <line number="1903" hits="0" branch="false" />
                <line number="1908" hits="0" branch="false" />
                <line number="1909" hits="0" branch="false" />
                <line number="1910" hits="0" branch="false" />
                <line number="1911" hits="0" branch="false" />
                <line number="1913" hits="0" branch="false" />
                <line number="1914" hits="0" branch="false" />
                <line number="1915" hits="0" branch="false" />
                <line number="1916" hits="0" branch="false" />
                <line number="1918" hits="0" branch="false" />
                <line number="1919" hits="0" branch="false" />
              </lines>
            </method>
            <method name="RegexGenerator_g" signature="()" line-rate="0" branch-rate="1">
              <lines>
                <line number="1925" hits="0" branch="false" />
                <line number="1926" hits="0" branch="false" />
                <line number="1927" hits="0" branch="false" />
                <line number="1928" hits="0" branch="false" />
                <line number="1929" hits="0" branch="false" />
                <line number="1930" hits="0" branch="false" />
                <line number="1931" hits="0" branch="false" />
              </lines>
            </method>
            <method name="RegexGenerator_g" signature="()" line-rate="0" branch-rate="1">
              <lines>
                <line number="1937" hits="0" branch="false" />
              </lines>
            </method>
            <method name="RegexGenerator_g" signature="()" line-rate="0" branch-rate="1">
              <lines>
                <line number="1942" hits="0" branch="false" />
                <line number="1943" hits="0" branch="false" />
                <line number="1944" hits="0" branch="false" />
                <line number="1945" hits="0" branch="false" />
              </lines>
            </method>
            <method name="RegexGenerator_g" signature="()" line-rate="0" branch-rate="1">
              <lines>
                <line number="1950" hits="0" branch="false" />
                <line number="1952" hits="0" branch="false" />
                <line number="1953" hits="0" branch="false" />
                <line number="1954" hits="0" branch="false" />
                <line number="1955" hits="0" branch="false" />
                <line number="1956" hits="0" branch="false" />
                <line number="1957" hits="0" branch="false" />
                <line number="1958" hits="0" branch="false" />
                <line number="1962" hits="0" branch="false" />
                <line number="1967" hits="0" branch="false" />
                <line number="1968" hits="0" branch="false" />
                <line number="1969" hits="0" branch="false" />
                <line number="1970" hits="0" branch="false" />
                <line number="1971" hits="0" branch="false" />
              </lines>
            </method>
            <method name="RegexGenerator_g" signature="()" line-rate="0" branch-rate="1">
              <lines>
                <line number="1976" hits="0" branch="false" />
                <line number="1978" hits="0" branch="false" />
                <line number="1979" hits="0" branch="false" />
                <line number="1980" hits="0" branch="false" />
                <line number="1981" hits="0" branch="false" />
                <line number="1982" hits="0" branch="false" />
                <line number="1983" hits="0" branch="false" />
                <line number="1984" hits="0" branch="false" />
                <line number="1985" hits="0" branch="false" />
                <line number="1989" hits="0" branch="false" />
                <line number="1994" hits="0" branch="false" />
                <line number="1995" hits="0" branch="false" />
                <line number="1996" hits="0" branch="false" />
                <line number="1997" hits="0" branch="false" />
                <line number="1998" hits="0" branch="false" />
              </lines>
            </method>
            <method name="RegexGenerator_g" signature="()" line-rate="0" branch-rate="1" complexity="NaN">
              <lines>
                <line number="2012" hits="0" branch="false" />
                <line number="2013" hits="0" branch="false" />
                <line number="2014" hits="0" branch="false" />
                <line number="2015" hits="0" branch="false" />
                <line number="2016" hits="0" branch="false" />
              </lines>
            </method>
          </methods>
          <lines>
            <line number="1889" hits="0" branch="false" />
            <line number="1892" hits="0" branch="false" />
            <line number="1897" hits="0" branch="false" />
            <line number="1898" hits="0" branch="false" />
            <line number="1899" hits="0" branch="false" />
            <line number="1900" hits="0" branch="false" />
            <line number="1901" hits="0" branch="false" />
            <line number="1902" hits="0" branch="false" />
            <line number="1903" hits="0" branch="false" />
            <line number="1908" hits="0" branch="false" />
            <line number="1909" hits="0" branch="false" />
            <line number="1910" hits="0" branch="false" />
            <line number="1911" hits="0" branch="false" />
            <line number="1913" hits="0" branch="false" />
            <line number="1914" hits="0" branch="false" />
            <line number="1915" hits="0" branch="false" />
            <line number="1916" hits="0" branch="false" />
            <line number="1918" hits="0" branch="false" />
            <line number="1919" hits="0" branch="false" />
            <line number="1925" hits="0" branch="false" />
            <line number="1926" hits="0" branch="false" />
            <line number="1927" hits="0" branch="false" />
            <line number="1928" hits="0" branch="false" />
            <line number="1929" hits="0" branch="false" />
            <line number="1930" hits="0" branch="false" />
            <line number="1931" hits="0" branch="false" />
            <line number="1937" hits="0" branch="false" />
            <line number="1942" hits="0" branch="false" />
            <line number="1943" hits="0" branch="false" />
            <line number="1944" hits="0" branch="false" />
            <line number="1945" hits="0" branch="false" />
            <line number="1950" hits="0" branch="false" />
            <line number="1952" hits="0" branch="false" />
            <line number="1953" hits="0" branch="false" />
            <line number="1954" hits="0" branch="false" />
            <line number="1955" hits="0" branch="false" />
            <line number="1956" hits="0" branch="false" />
            <line number="1957" hits="0" branch="false" />
            <line number="1958" hits="0" branch="false" />
            <line number="1962" hits="0" branch="false" />
            <line number="1967" hits="0" branch="false" />
            <line number="1968" hits="0" branch="false" />
            <line number="1969" hits="0" branch="false" />
            <line number="1970" hits="0" branch="false" />
            <line number="1971" hits="0" branch="false" />
            <line number="1976" hits="0" branch="false" />
            <line number="1978" hits="0" branch="false" />
            <line number="1979" hits="0" branch="false" />
            <line number="1980" hits="0" branch="false" />
            <line number="1981" hits="0" branch="false" />
            <line number="1982" hits="0" branch="false" />
            <line number="1983" hits="0" branch="false" />
            <line number="1984" hits="0" branch="false" />
            <line number="1985" hits="0" branch="false" />
            <line number="1989" hits="0" branch="false" />
            <line number="1994" hits="0" branch="false" />
            <line number="1995" hits="0" branch="false" />
            <line number="1996" hits="0" branch="false" />
            <line number="1997" hits="0" branch="false" />
            <line number="1998" hits="0" branch="false" />
            <line number="2012" hits="0" branch="false" />
            <line number="2013" hits="0" branch="false" />
            <line number="2014" hits="0" branch="false" />
            <line number="2015" hits="0" branch="false" />
            <line number="2016" hits="0" branch="false" />
            <line number="2019" hits="0" branch="false" />
            <line number="2022" hits="0" branch="false" />
          </lines>
        </class>
        <class name="System.Text.RegularExpressions.Generated.F5EA7A93408F4CDCB76FF705E96682687F9F1A875B14CB54BE851C69C02932C9F__VersionInTitleRegex_0" filename="C:\Users\Jacob\.gemini\antigravity\scratch\WingetStore\obj\Debug\net10.0-windows10.0.26100.0\win-x64\System.Text.RegularExpressions.Generator\System.Text.RegularExpressions.Generator.RegexGenerator\RegexGenerator.g.cs" line-rate="0" branch-rate="1" complexity="NaN">
          <methods>
            <method name="RegexGenerator_g" signature="()" line-rate="0" branch-rate="1">
              <lines>
                <line number="218" hits="0" branch="false" />
              </lines>
            </method>
            <method name="RegexGenerator_g" signature="()" line-rate="0" branch-rate="1">
              <lines>
                <line number="226" hits="0" branch="false" />
                <line number="228" hits="0" branch="false" />
                <line number="229" hits="0" branch="false" />
                <line number="230" hits="0" branch="false" />
                <line number="231" hits="0" branch="false" />
                <line number="232" hits="0" branch="false" />
                <line number="233" hits="0" branch="false" />
                <line number="234" hits="0" branch="false" />
                <line number="235" hits="0" branch="false" />
                <line number="236" hits="0" branch="false" />
                <line number="237" hits="0" branch="false" />
                <line number="238" hits="0" branch="false" />
              </lines>
            </method>
            <method name="RegexGenerator_g" signature="()" line-rate="0" branch-rate="1">
              <lines>
                <line number="244" hits="0" branch="false" />
                <line number="245" hits="0" branch="false" />
                <line number="248" hits="0" branch="false" />
                <line number="249" hits="0" branch="false" />
                <line number="252" hits="0" branch="false" />
                <line number="253" hits="0" branch="false" />
                <line number="254" hits="0" branch="false" />
                <line number="255" hits="0" branch="false" />
                <line number="256" hits="0" branch="false" />
                <line number="258" hits="0" branch="false" />
                <line number="261" hits="0" branch="false" />
                <line number="262" hits="0" branch="false" />
                <line number="263" hits="0" branch="false" />
              </lines>
            </method>
            <method name="RegexGenerator_g" signature="()" line-rate="0" branch-rate="1">
              <lines>
                <line number="269" hits="0" branch="false" />
                <line number="270" hits="0" branch="false" />
                <line number="271" hits="0" branch="false" />
                <line number="272" hits="0" branch="false" />
                <line number="273" hits="0" branch="false" />
                <line number="274" hits="0" branch="false" />
                <line number="275" hits="0" branch="false" />
                <line number="276" hits="0" branch="false" />
                <line number="277" hits="0" branch="false" />
                <line number="278" hits="0" branch="false" />
                <line number="279" hits="0" branch="false" />
                <line number="280" hits="0" branch="false" />
                <line number="281" hits="0" branch="false" />
                <line number="282" hits="0" branch="false" />
                <line number="283" hits="0" branch="false" />
                <line number="284" hits="0" branch="false" />
                <line number="285" hits="0" branch="false" />
                <line number="286" hits="0" branch="false" />
                <line number="287" hits="0" branch="false" />
                <line number="288" hits="0" branch="false" />
                <line number="289" hits="0" branch="false" />
                <line number="290" hits="0" branch="false" />
                <line number="291" hits="0" branch="false" />
                <line number="292" hits="0" branch="false" />
                <line number="295" hits="0" branch="false" />
                <line number="296" hits="0" branch="false" />
                <line number="300" hits="0" branch="false" />
                <line number="303" hits="0" branch="false" />
                <line number="306" hits="0" branch="false" />
                <line number="308" hits="0" branch="false" />
                <line number="309" hits="0" branch="false" />
                <line number="310" hits="0" branch="false" />
                <line number="311" hits="0" branch="false" />
                <line number="312" hits="0" branch="false" />
                <line number="314" hits="0" branch="false" />
                <line number="315" hits="0" branch="false" />
                <line number="316" hits="0" branch="false" />
                <line number="319" hits="0" branch="false" />
                <line number="320" hits="0" branch="false" />
                <line number="322" hits="0" branch="false" />
                <line number="323" hits="0" branch="false" />
                <line number="324" hits="0" branch="false" />
                <line number="326" hits="0" branch="false" />
                <line number="328" hits="0" branch="false" />
                <line number="329" hits="0" branch="false" />
                <line number="330" hits="0" branch="false" />
                <line number="331" hits="0" branch="false" />
                <line number="333" hits="0" branch="false" />
                <line number="334" hits="0" branch="false" />
                <line number="335" hits="0" branch="false" />
                <line number="337" hits="0" branch="false" />
                <line number="338" hits="0" branch="false" />
                <line number="340" hits="0" branch="false" />
                <line number="345" hits="0" branch="false" />
                <line number="347" hits="0" branch="false" />
                <line number="348" hits="0" branch="false" />
                <line number="349" hits="0" branch="false" />
                <line number="350" hits="0" branch="false" />
                <line number="351" hits="0" branch="false" />
                <line number="353" hits="0" branch="false" />
                <line number="354" hits="0" branch="false" />
                <line number="356" hits="0" branch="false" />
                <line number="358" hits="0" branch="false" />
                <line number="359" hits="0" branch="false" />
                <line number="360" hits="0" branch="false" />
                <line number="361" hits="0" branch="false" />
                <line number="363" hits="0" branch="false" />
                <line number="364" hits="0" branch="false" />
                <line number="365" hits="0" branch="false" />
                <line number="367" hits="0" branch="false" />
                <line number="368" hits="0" branch="false" />
                <line number="370" hits="0" branch="false" />
                <line number="375" hits="0" branch="false" />
                <line number="377" hits="0" branch="false" />
                <line number="378" hits="0" branch="false" />
                <line number="380" hits="0" branch="false" />
                <line number="382" hits="0" branch="false" />
                <line number="383" hits="0" branch="false" />
                <line number="384" hits="0" branch="false" />
                <line number="385" hits="0" branch="false" />
                <line number="389" hits="0" branch="false" />
                <line number="390" hits="0" branch="false" />
                <line number="391" hits="0" branch="false" />
                <line number="392" hits="0" branch="false" />
                <line number="393" hits="0" branch="false" />
                <line number="394" hits="0" branch="false" />
                <line number="395" hits="0" branch="false" />
                <line number="396" hits="0" branch="false" />
                <line number="398" hits="0" branch="false" />
                <line number="399" hits="0" branch="false" />
                <line number="400" hits="0" branch="false" />
                <line number="403" hits="0" branch="false" />
                <line number="404" hits="0" branch="false" />
                <line number="405" hits="0" branch="false" />
                <line number="409" hits="0" branch="false" />
                <line number="410" hits="0" branch="false" />
                <line number="411" hits="0" branch="false" />
                <line number="413" hits="0" branch="false" />
                <line number="416" hits="0" branch="false" />
                <line number="417" hits="0" branch="false" />
                <line number="418" hits="0" branch="false" />
                <line number="420" hits="0" branch="false" />
                <line number="422" hits="0" branch="false" />
                <line number="423" hits="0" branch="false" />
                <line number="424" hits="0" branch="false" />
                <line number="428" hits="0" branch="false" />
                <line number="429" hits="0" branch="false" />
                <line number="430" hits="0" branch="false" />
                <line number="431" hits="0" branch="false" />
                <line number="432" hits="0" branch="false" />
                <line number="433" hits="0" branch="false" />
                <line number="435" hits="0" branch="false" />
                <line number="436" hits="0" branch="false" />
                <line number="437" hits="0" branch="false" />
                <line number="440" hits="0" branch="false" />
                <line number="441" hits="0" branch="false" />
                <line number="442" hits="0" branch="false" />
                <line number="446" hits="0" branch="false" />
                <line number="448" hits="0" branch="false" />
                <line number="449" hits="0" branch="false" />
                <line number="451" hits="0" branch="false" />
                <line number="454" hits="0" branch="false" />
                <line number="455" hits="0" branch="false" />
                <line number="456" hits="0" branch="false" />
                <line number="461" hits="0" branch="false" />
                <line number="462" hits="0" branch="false" />
                <line number="463" hits="0" branch="false" />
                <line number="465" hits="0" branch="false" />
                <line number="466" hits="0" branch="false" />
                <line number="467" hits="0" branch="false" />
                <line number="468" hits="0" branch="false" />
                <line number="469" hits="0" branch="false" />
                <line number="471" hits="0" branch="false" />
                <line number="472" hits="0" branch="false" />
                <line number="473" hits="0" branch="false" />
                <line number="476" hits="0" branch="false" />
                <line number="477" hits="0" branch="false" />
                <line number="479" hits="0" branch="false" />
                <line number="480" hits="0" branch="false" />
                <line number="481" hits="0" branch="false" />
                <line number="483" hits="0" branch="false" />
                <line number="484" hits="0" branch="false" />
                <line number="486" hits="0" branch="false" />
                <line number="487" hits="0" branch="false" />
                <line number="488" hits="0" branch="false" />
                <line number="489" hits="0" branch="false" />
                <line number="491" hits="0" branch="false" />
                <line number="492" hits="0" branch="false" />
                <line number="493" hits="0" branch="false" />
                <line number="495" hits="0" branch="false" />
                <line number="496" hits="0" branch="false" />
                <line number="498" hits="0" branch="false" />
                <line number="499" hits="0" branch="false" />
                <line number="504" hits="0" branch="false" />
                <line number="507" hits="0" branch="false" />
                <line number="508" hits="0" branch="false" />
                <line number="509" hits="0" branch="false" />
                <line number="511" hits="0" branch="false" />
                <line number="513" hits="0" branch="false" />
                <line number="514" hits="0" branch="false" />
                <line number="515" hits="0" branch="false" />
                <line number="516" hits="0" branch="false" />
                <line number="518" hits="0" branch="false" />
                <line number="521" hits="0" branch="false" />
                <line number="523" hits="0" branch="false" />
                <line number="524" hits="0" branch="false" />
                <line number="525" hits="0" branch="false" />
                <line number="526" hits="0" branch="false" />
                <line number="527" hits="0" branch="false" />
                <line number="529" hits="0" branch="false" />
                <line number="530" hits="0" branch="false" />
                <line number="532" hits="0" branch="false" />
                <line number="534" hits="0" branch="false" />
                <line number="535" hits="0" branch="false" />
                <line number="539" hits="0" branch="false" />
                <line number="540" hits="0" branch="false" />
                <line number="541" hits="0" branch="false" />
                <line number="543" hits="0" branch="false" />
                <line number="544" hits="0" branch="false" />
                <line number="546" hits="0" branch="false" />
                <line number="549" hits="0" branch="false" />
                <line number="550" hits="0" branch="false" />
                <line number="551" hits="0" branch="false" />
                <line number="555" hits="0" branch="false" />
                <line number="556" hits="0" branch="false" />
                <line number="557" hits="0" branch="false" />
                <line number="558" hits="0" branch="false" />
                <line number="559" hits="0" branch="false" />
                <line number="560" hits="0" branch="false" />
                <line number="562" hits="0" branch="false" />
                <line number="563" hits="0" branch="false" />
                <line number="564" hits="0" branch="false" />
                <line number="567" hits="0" branch="false" />
                <line number="568" hits="0" branch="false" />
                <line number="569" hits="0" branch="false" />
                <line number="571" hits="0" branch="false" />
                <line number="572" hits="0" branch="false" />
                <line number="575" hits="0" branch="false" />
                <line number="576" hits="0" branch="false" />
                <line number="577" hits="0" branch="false" />
                <line number="579" hits="0" branch="false" />
                <line number="582" hits="0" branch="false" />
                <line number="583" hits="0" branch="false" />
                <line number="584" hits="0" branch="false" />
                <line number="586" hits="0" branch="false" />
                <line number="588" hits="0" branch="false" />
                <line number="589" hits="0" branch="false" />
                <line number="590" hits="0" branch="false" />
                <line number="591" hits="0" branch="false" />
                <line number="592" hits="0" branch="false" />
                <line number="594" hits="0" branch="false" />
                <line number="596" hits="0" branch="false" />
                <line number="597" hits="0" branch="false" />
                <line number="598" hits="0" branch="false" />
                <line number="599" hits="0" branch="false" />
                <line number="602" hits="0" branch="false" />
                <line number="604" hits="0" branch="false" />
                <line number="605" hits="0" branch="false" />
                <line number="606" hits="0" branch="false" />
                <line number="607" hits="0" branch="false" />
                <line number="608" hits="0" branch="false" />
                <line number="609" hits="0" branch="false" />
                <line number="611" hits="0" branch="false" />
                <line number="612" hits="0" branch="false" />
                <line number="613" hits="0" branch="false" />
                <line number="616" hits="0" branch="false" />
                <line number="617" hits="0" branch="false" />
                <line number="618" hits="0" branch="false" />
                <line number="621" hits="0" branch="false" />
                <line number="622" hits="0" branch="false" />
                <line number="623" hits="0" branch="false" />
                <line number="624" hits="0" branch="false" />
                <line number="625" hits="0" branch="false" />
                <line number="626" hits="0" branch="false" />
                <line number="628" hits="0" branch="false" />
                <line number="629" hits="0" branch="false" />
                <line number="630" hits="0" branch="false" />
                <line number="633" hits="0" branch="false" />
                <line number="634" hits="0" branch="false" />
                <line number="635" hits="0" branch="false" />
                <line number="638" hits="0" branch="false" />
                <line number="639" hits="0" branch="false" />
                <line number="640" hits="0" branch="false" />
                <line number="645" hits="0" branch="false" />
                <line number="646" hits="0" branch="false" />
                <line number="647" hits="0" branch="false" />
                <line number="649" hits="0" branch="false" />
                <line number="650" hits="0" branch="false" />
                <line number="651" hits="0" branch="false" />
                <line number="652" hits="0" branch="false" />
                <line number="653" hits="0" branch="false" />
                <line number="655" hits="0" branch="false" />
                <line number="656" hits="0" branch="false" />
                <line number="657" hits="0" branch="false" />
                <line number="660" hits="0" branch="false" />
                <line number="661" hits="0" branch="false" />
                <line number="663" hits="0" branch="false" />
                <line number="664" hits="0" branch="false" />
                <line number="665" hits="0" branch="false" />
                <line number="667" hits="0" branch="false" />
                <line number="669" hits="0" branch="false" />
                <line number="670" hits="0" branch="false" />
                <line number="671" hits="0" branch="false" />
                <line number="672" hits="0" branch="false" />
                <line number="674" hits="0" branch="false" />
                <line number="675" hits="0" branch="false" />
                <line number="676" hits="0" branch="false" />
                <line number="678" hits="0" branch="false" />
                <line number="679" hits="0" branch="false" />
                <line number="681" hits="0" branch="false" />
                <line number="685" hits="0" branch="false" />
                <line number="686" hits="0" branch="false" />
                <line number="687" hits="0" branch="false" />
                <line number="689" hits="0" branch="false" />
                <line number="690" hits="0" branch="false" />
                <line number="692" hits="0" branch="false" />
                <line number="695" hits="0" branch="false" />
                <line number="696" hits="0" branch="false" />
                <line number="697" hits="0" branch="false" />
                <line number="701" hits="0" branch="false" />
                <line number="702" hits="0" branch="false" />
                <line number="703" hits="0" branch="false" />
                <line number="704" hits="0" branch="false" />
                <line number="705" hits="0" branch="false" />
                <line number="706" hits="0" branch="false" />
                <line number="707" hits="0" branch="false" />
                <line number="708" hits="0" branch="false" />
                <line number="710" hits="0" branch="false" />
                <line number="711" hits="0" branch="false" />
                <line number="712" hits="0" branch="false" />
                <line number="715" hits="0" branch="false" />
                <line number="716" hits="0" branch="false" />
                <line number="717" hits="0" branch="false" />
[...]
            <line number="207" hits="0" branch="false" />
            <line number="208" hits="0" branch="false" />
            <line number="209" hits="0" branch="false" />
          </lines>
        </class>
        <class name="WinRT.WingetStoreVtableClasses.WingetStore_Models_InstallTaskWinRTTypeDetails" filename="C:\Users\Jacob\.gemini\antigravity\scratch\WingetStore\obj\Debug\net10.0-windows10.0.26100.0\win-x64\WinRT.SourceGenerator\Generator.WinRTAotSourceGenerator\WinRTCCWVtable.g.cs" line-rate="0" branch-rate="1" complexity="NaN">
          <methods>
            <method name="GetExposedInterfaces" signature="()" line-rate="0" branch-rate="1">
              <lines>
                <line number="114" hits="0" branch="false" />
                <line number="116" hits="0" branch="false" />
                <line number="117" hits="0" branch="false" />
                <line number="118" hits="0" branch="false" />
                <line number="119" hits="0" branch="false" />
                <line number="120" hits="0" branch="false" />
                <line number="121" hits="0" branch="false" />
                <line number="122" hits="0" branch="false" />
                <line number="123" hits="0" branch="false" />
                <line number="124" hits="0" branch="false" />
              </lines>
            </method>
          </methods>
          <lines>
            <line number="114" hits="0" branch="false" />
            <line number="116" hits="0" branch="false" />
            <line number="117" hits="0" branch="false" />
            <line number="118" hits="0" branch="false" />
            <line number="119" hits="0" branch="false" />
            <line number="120" hits="0" branch="false" />
            <line number="121" hits="0" branch="false" />
            <line number="122" hits="0" branch="false" />
            <line number="123" hits="0" branch="false" />
            <line number="124" hits="0" branch="false" />
          </lines>
        </class>
        <class name="WinRT.WingetStoreVtableClasses.WingetStore_Pages_DetailsPageWinRTTypeDetails" filename="C:\Users\Jacob\.gemini\antigravity\scratch\WingetStore\obj\Debug\net10.0-windows10.0.26100.0\win-x64\WinRT.SourceGenerator\Generator.WinRTAotSourceGenerator\WinRTCCWVtable.g.cs" line-rate="0" branch-rate="1" complexity="NaN">
          <methods>
            <method name="GetExposedInterfaces" signature="()" line-rate="0" branch-rate="1">
              <lines>
                <line number="6" hits="0" branch="false" />
                <line number="8" hits="0" branch="false" />
                <line number="9" hits="0" branch="false" />
                <line number="10" hits="0" branch="false" />
                <line number="11" hits="0" branch="false" />
                <line number="12" hits="0" branch="false" />
                <line number="13" hits="0" branch="false" />
                <line number="14" hits="0" branch="false" />
                <line number="15" hits="0" branch="false" />
                <line number="16" hits="0" branch="false" />
                <line number="17" hits="0" branch="false" />
                <line number="18" hits="0" branch="false" />
                <line number="19" hits="0" branch="false" />
                <line number="20" hits="0" branch="false" />
                <line number="21" hits="0" branch="false" />
                <line number="22" hits="0" branch="false" />
                <line number="23" hits="0" branch="false" />
                <line number="24" hits="0" branch="false" />
                <line number="25" hits="0" branch="false" />
                <line number="26" hits="0" branch="false" />
                <line number="27" hits="0" branch="false" />
                <line number="28" hits="0" branch="false" />
                <line number="29" hits="0" branch="false" />
                <line number="30" hits="0" branch="false" />
                <line number="31" hits="0" branch="false" />
                <line number="32" hits="0" branch="false" />
                <line number="33" hits="0" branch="false" />
                <line number="34" hits="0" branch="false" />
                <line number="35" hits="0" branch="false" />
                <line number="36" hits="0" branch="false" />
                <line number="37" hits="0" branch="false" />
                <line number="38" hits="0" branch="false" />
                <line number="39" hits="0" branch="false" />
                <line number="40" hits="0" branch="false" />
                <line number="41" hits="0" branch="false" />
                <line number="42" hits="0" branch="false" />
                <line number="43" hits="0" branch="false" />
                <line number="44" hits="0" branch="false" />
                <line number="45" hits="0" branch="false" />
                <line number="46" hits="0" branch="false" />
                <line number="47" hits="0" branch="false" />
                <line number="48" hits="0" branch="false" />
                <line number="49" hits="0" branch="false" />
                <line number="50" hits="0" branch="false" />
                <line number="51" hits="0" branch="false" />
              </lines>
            </method>
          </methods>
          <lines>
            <line number="6" hits="0" branch="false" />
            <line number="8" hits="0" branch="false" />
            <line number="9" hits="0" branch="false" />
            <line number="10" hits="0" branch="false" />
            <line number="11" hits="0" branch="false" />
            <line number="12" hits="0" branch="false" />
            <line number="13" hits="0" branch="false" />
            <line number="14" hits="0" branch="false" />
            <line number="15" hits="0" branch="false" />
            <line number="16" hits="0" branch="false" />
            <line number="17" hits="0" branch="false" />
            <line number="18" hits="0" branch="false" />
            <line number="19" hits="0" branch="false" />
            <line number="20" hits="0" branch="false" />
            <line number="21" hits="0" branch="false" />
            <line number="22" hits="0" branch="false" />
            <line number="23" hits="0" branch="false" />
            <line number="24" hits="0" branch="false" />
            <line number="25" hits="0" branch="false" />
            <line number="26" hits="0" branch="false" />
            <line number="27" hits="0" branch="false" />
            <line number="28" hits="0" branch="false" />
            <line number="29" hits="0" branch="false" />
            <line number="30" hits="0" branch="false" />
            <line number="31" hits="0" branch="false" />
            <line number="32" hits="0" branch="false" />
            <line number="33" hits="0" branch="false" />
            <line number="34" hits="0" branch="false" />
            <line number="35" hits="0" branch="false" />
            <line number="36" hits="0" branch="false" />
            <line number="37" hits="0" branch="false" />
            <line number="38" hits="0" branch="false" />
            <line number="39" hits="0" branch="false" />
            <line number="40" hits="0" branch="false" />
            <line number="41" hits="0" branch="false" />
            <line number="42" hits="0" branch="false" />
            <line number="43" hits="0" branch="false" />
            <line number="44" hits="0" branch="false" />
            <line number="45" hits="0" branch="false" />
            <line number="46" hits="0" branch="false" />
            <line number="47" hits="0" branch="false" />
            <line number="48" hits="0" branch="false" />
            <line number="49" hits="0" branch="false" />
            <line number="50" hits="0" branch="false" />
            <line number="51" hits="0" branch="false" />
          </lines>
        </class>
        <class name="WinRT.WingetStoreVtableClasses.WingetStore_Pages_HomePage_HomePage_obj33_BindingsWinRTTypeDetails" filename="C:\Users\Jacob\.gemini\antigravity\scratch\WingetStore\obj\Debug\net10.0-windows10.0.26100.0\win-x64\WinRT.SourceGenerator\Generator.WinRTAotSourceGenerator\WinRTCCWVtable.g.cs" line-rate="0" branch-rate="1" complexity="NaN">
          <methods>
            <method name="GetExposedInterfaces" signature="()" line-rate="0" branch-rate="1">
              <lines>
                <line number="57" hits="0" branch="false" />
                <line number="59" hits="0" branch="false" />
                <line number="60" hits="0" branch="false" />
                <line number="61" hits="0" branch="false" />
                <line number="62" hits="0" branch="false" />
                <line number="63" hits="0" branch="false" />
                <line number="64" hits="0" branch="false" />
                <line number="65" hits="0" branch="false" />
                <line number="66" hits="0" branch="false" />
                <line number="67" hits="0" branch="false" />
                <line number="68" hits="0" branch="false" />
                <line number="69" hits="0" branch="false" />
                <line number="70" hits="0" branch="false" />
                <line number="71" hits="0" branch="false" />
                <line number="72" hits="0" branch="false" />
                <line number="73" hits="0" branch="false" />
                <line number="74" hits="0" branch="false" />
                <line number="75" hits="0" branch="false" />
                <line number="76" hits="0" branch="false" />
                <line number="77" hits="0" branch="false" />
                <line number="78" hits="0" branch="false" />
                <line number="79" hits="0" branch="false" />
                <line number="80" hits="0" branch="false" />
                <line number="81" hits="0" branch="false" />
                <line number="82" hits="0" branch="false" />
              </lines>
            </method>
          </methods>
          <lines>
            <line number="57" hits="0" branch="false" />
            <line number="59" hits="0" branch="false" />
            <line number="60" hits="0" branch="false" />
            <line number="61" hits="0" branch="false" />
            <line number="62" hits="0" branch="false" />
            <line number="63" hits="0" branch="false" />
            <line number="64" hits="0" branch="false" />
            <line number="65" hits="0" branch="false" />
            <line number="66" hits="0" branch="false" />
            <line number="67" hits="0" branch="false" />
            <line number="68" hits="0" branch="false" />
            <line number="69" hits="0" branch="false" />
            <line number="70" hits="0" branch="false" />
            <line number="71" hits="0" branch="false" />
            <line number="72" hits="0" branch="false" />
            <line number="73" hits="0" branch="false" />
            <line number="74" hits="0" branch="false" />
            <line number="75" hits="0" branch="false" />
            <line number="76" hits="0" branch="false" />
            <line number="77" hits="0" branch="false" />
            <line number="78" hits="0" branch="false" />
            <line number="79" hits="0" branch="false" />
            <line number="80" hits="0" branch="false" />
            <line number="81" hits="0" branch="false" />
            <line number="82" hits="0" branch="false" />
          </lines>
        </class>
        <class name="WinRT.WingetStoreVtableClasses.WingetStore_Pages_InstalledPage_InstalledPage_obj1_BindingsWinRTTypeDetails" filename="C:\Users\Jacob\.gemini\antigravity\scratch\WingetStore\obj\Debug\net10.0-windows10.0.26100.0\win-x64\WinRT.SourceGenerator\Generator.WinRTAotSourceGenerator\WinRTCCWVtable.g.cs" line-rate="0" branch-rate="1" complexity="NaN">
          <methods>
            <method name="GetExposedInterfaces" signature="()" line-rate="0" branch-rate="1">
              <lines>
                <line number="88" hits="0" branch="false" />
                <line number="90" hits="0" branch="false" />
                <line number="91" hits="0" branch="false" />
                <line number="92" hits="0" branch="false" />
                <line number="93" hits="0" branch="false" />
                <line number="94" hits="0" branch="false" />
                <line number="95" hits="0" branch="false" />
                <line number="96" hits="0" branch="false" />
                <line number="97" hits="0" branch="false" />
                <line number="98" hits="0" branch="false" />
                <line number="99" hits="0" branch="false" />
                <line number="100" hits="0" branch="false" />
                <line number="101" hits="0" branch="false" />
                <line number="102" hits="0" branch="false" />
                <line number="103" hits="0" branch="false" />
                <line number="104" hits="0" branch="false" />
                <line number="105" hits="0" branch="false" />
                <line number="106" hits="0" branch="false" />
                <line number="107" hits="0" branch="false" />
                <line number="108" hits="0" branch="false" />
              </lines>
            </method>
          </methods>
          <lines>
            <line number="88" hits="0" branch="false" />
            <line number="90" hits="0" branch="false" />
            <line number="91" hits="0" branch="false" />
            <line number="92" hits="0" branch="false" />
            <line number="93" hits="0" branch="false" />
            <line number="94" hits="0" branch="false" />
            <line number="95" hits="0" branch="false" />
            <line number="96" hits="0" branch="false" />
            <line number="97" hits="0" branch="false" />
            <line number="98" hits="0" branch="false" />
            <line number="99" hits="0" branch="false" />
            <line number="100" hits="0" branch="false" />
            <line number="101" hits="0" branch="false" />
            <line number="102" hits="0" branch="false" />
            <line number="103" hits="0" branch="false" />
            <line number="104" hits="0" branch="false" />
            <line number="105" hits="0" branch="false" />
            <line number="106" hits="0" branch="false" />
            <line number="107" hits="0" branch="false" />
            <line number="108" hits="0" branch="false" />
          </lines>
        </class>
        <class name="WinRT.WingetStoreVtableClasses.WingetStore_WingetStore_XamlTypeInfo_XamlMemberWinRTTypeDetails" filename="C:\Users\Jacob\.gemini\antigravity\scratch\WingetStore\obj\Debug\net10.0-windows10.0.26100.0\win-x64\WinRT.SourceGenerator\Generator.WinRTAotSourceGenerator\WinRTCCWVtable.g.cs" line-rate="0" branch-rate="1" complexity="NaN">
          <methods>
            <method name="GetExposedInterfaces" signature="()" line-rate="0" branch-rate="1">
              <lines>
                <line number="146" hits="0" branch="false" />
                <line number="148" hits="0" branch="false" />
                <line number="149" hits="0" branch="false" />
                <line number="150" hits="0" branch="false" />
                <line number="151" hits="0" branch="false" />
                <line number="152" hits="0" branch="false" />
                <line number="153" hits="0" branch="false" />
                <line number="154" hits="0" branch="false" />
                <line number="155" hits="0" branch="false" />
                <line number="156" hits="0" branch="false" />
              </lines>
            </method>
          </methods>
          <lines>
            <line number="146" hits="0" branch="false" />
            <line number="148" hits="0" branch="false" />
            <line number="149" hits="0" branch="false" />
            <line number="150" hits="0" branch="false" />
            <line number="151" hits="0" branch="false" />
            <line number="152" hits="0" branch="false" />
            <line number="153" hits="0" branch="false" />
            <line number="154" hits="0" branch="false" />
            <line number="155" hits="0" branch="false" />
            <line number="156" hits="0" branch="false" />
          </lines>
        </class>
        <class name="WinRT.WingetStoreVtableClasses.WingetStore_WingetStore_XamlTypeInfo_XamlMetaDataProviderWinRTTypeDetails" filename="C:\Users\Jacob\.gemini\antigravity\scratch\WingetStore\obj\Debug\net10.0-windows10.0.26100.0\win-x64\WinRT.SourceGenerator\Generator.WinRTAotSourceGenerator\WinRTCCWVtable.g.cs" line-rate="0" branch-rate="1" complexity="NaN">
          <methods>
            <method name="GetExposedInterfaces" signature="()" line-rate="0" branch-rate="1">
              <lines>
                <line number="130" hits="0" branch="false" />
                <line number="132" hits="0" branch="false" />
                <line number="133" hits="0" branch="false" />
                <line number="134" hits="0" branch="false" />
                <line number="135" hits="0" branch="false" />
                <line number="136" hits="0" branch="false" />
                <line number="137" hits="0" branch="false" />
                <line number="138" hits="0" branch="false" />
                <line number="139" hits="0" branch="false" />
                <line number="140" hits="0" branch="false" />
              </lines>
            </method>
          </methods>
          <lines>
            <line number="130" hits="0" branch="false" />
            <line number="132" hits="0" branch="false" />
            <line number="133" hits="0" branch="false" />
            <line number="134" hits="0" branch="false" />
            <line number="135" hits="0" branch="false" />
            <line number="136" hits="0" branch="false" />
            <line number="137" hits="0" branch="false" />
            <line number="138" hits="0" branch="false" />
            <line number="139" hits="0" branch="false" />
            <line number="140" hits="0" branch="false" />
          </lines>
        </class>
        <class name="WinRT.WingetStoreVtableClasses.WingetStore_WingetStore_XamlTypeInfo_XamlSystemBaseTypeWinRTTypeDetails" filename="C:\Users\Jacob\.gemini\antigravity\scratch\WingetStore\obj\Debug\net10.0-windows10.0.26100.0\win-x64\WinRT.SourceGenerator\Generator.WinRTAotSourceGenerator\WinRTCCWVtable.g.cs" line-rate="0" branch-rate="1" complexity="NaN">
          <methods>
            <method name="GetExposedInterfaces" signature="()" line-rate="0" branch-rate="1">
              <lines>
                <line number="162" hits="0" branch="false" />
                <line number="164" hits="0" branch="false" />
                <line number="165" hits="0" branch="false" />
                <line number="166" hits="0" branch="false" />
                <line number="167" hits="0" branch="false" />
                <line number="168" hits="0" branch="false" />
                <line number="169" hits="0" branch="false" />
                <line number="170" hits="0" branch="false" />
                <line number="171" hits="0" branch="false" />
                <line number="172" hits="0" branch="false" />
              </lines>
            </method>
          </methods>
          <lines>
            <line number="162" hits="0" branch="false" />
            <line number="164" hits="0" branch="false" />
            <line number="165" hits="0" branch="false" />
            <line number="166" hits="0" branch="false" />
            <line number="167" hits="0" branch="false" />
            <line number="168" hits="0" branch="false" />
            <line number="169" hits="0" branch="false" />
            <line number="170" hits="0" branch="false" />
            <line number="171" hits="0" branch="false" />
            <line number="172" hits="0" branch="false" />
          </lines>
        </class>
      </classes>
    </package>
  </packages>
</coverage>